<?xml version="1.0" encoding="UTF-8"?>
<!-- Generated by org.testng.reporters.JUnitReportReporter -->
<testsuite skipped="0" hostname="DESKTOP-VJQVG9M" name="testngpackage.Testngprogramme" tests="2" failures="0" timestamp="2023-04-21T15:33:12 IST" time="2.964" errors="0">
  <testcase name="test2" time="1.022" classname="testngpackage.Testngprogramme"/>
  <system-out/>
  <testcase name="test1" time="1.942" classname="testngpackage.Testngprogramme"/>
  <system-out/>
</testsuite> <!-- testngpackage.Testngprogramme -->
