<?xml version="1.0" encoding="UTF-8"?>
<!-- Generated by org.testng.reporters.JUnitReportReporter -->
<testsuite skipped="0" hostname="DESKTOP-VJQVG9M" name="testngpackage.Mousehover" tests="1" failures="0" timestamp="2023-04-25T18:29:37 IST" time="14.102" errors="0">
  <testcase name="ebay" time="14.102" classname="testngpackage.Mousehover"/>
  <system-out/>
</testsuite> <!-- testngpackage.Mousehover -->
