<?xml version="1.0" encoding="UTF-8"?>
<!-- Generated by org.testng.reporters.JUnitReportReporter -->
<testsuite skipped="0" hostname="DESKTOP-VJQVG9M" name="testngpackage.Datadriven" tests="1" failures="0" timestamp="2023-05-02T13:56:33 IST" time="4.292" errors="0">
  <testcase name="testdatadriven" time="4.292" classname="testngpackage.Datadriven"/>
  <system-out/>
</testsuite> <!-- testngpackage.Datadriven -->
