<?xml version="1.0" encoding="UTF-8"?>
<!-- Generated by org.testng.reporters.JUnitReportReporter -->
<testsuite skipped="0" hostname="DESKTOP-VJQVG9M" name="testngpackage.Guru99actions" tests="1" failures="0" timestamp="2023-04-25T12:41:02 IST" time="8.972" errors="0">
  <testcase name="rightdouble" time="8.972" classname="testngpackage.Guru99actions"/>
  <system-out/>
</testsuite> <!-- testngpackage.Guru99actions -->
