<?xml version="1.0" encoding="UTF-8"?>
<!-- Generated by org.testng.reporters.JUnitReportReporter -->
<testsuite skipped="0" hostname="DESKTOP-VJQVG9M" name="testngpackage.Redifff" tests="3" failures="0" timestamp="2023-04-24T20:14:48 IST" time="3.548" errors="0">
  <testcase name="button" time="1.231" classname="testngpackage.Redifff"/>
  <system-out/>
  <testcase name="rediff" time="0.848" classname="testngpackage.Redifff"/>
  <system-out/>
  <testcase name="radio" time="1.469" classname="testngpackage.Redifff"/>
  <system-out/>
</testsuite> <!-- testngpackage.Redifff -->
