<?xml version="1.0" encoding="UTF-8"?>
<!-- Generated by org.testng.reporters.JUnitReportReporter -->
<testsuite skipped="0" hostname="DESKTOP-VJQVG9M" name="testngpackage.Groupingp" tests="3" failures="0" timestamp="2023-04-21T18:26:08 IST" time="0.024" errors="0">
  <testcase name="test1" time="0.019" classname="testngpackage.Groupingp"/>
  <system-out/>
  <testcase name="test3" time="0.003" classname="testngpackage.Groupingp"/>
  <system-out/>
  <testcase name="test5" time="0.002" classname="testngpackage.Groupingp"/>
  <system-out/>
</testsuite> <!-- testngpackage.Groupingp -->
