<?xml version="1.0" encoding="UTF-8"?>
<!-- Generated by org.testng.reporters.JUnitReportReporter -->
<testsuite skipped="0" hostname="DESKTOP-VJQVG9M" name="test.Fblogintest" tests="1" failures="0" timestamp="2023-05-05T16:51:33 IST" time="8.248" errors="0">
  <testcase name="pomtest" time="8.248" classname="test.Fblogintest"/>
  <system-out/>
</testsuite> <!-- test.Fblogintest -->
