<?xml version="1.0" encoding="UTF-8"?>
<!-- Generated by org.testng.reporters.JUnitReportReporter -->
<testsuite skipped="0" hostname="DESKTOP-VJQVG9M" name="testngpackage.Datepicker" tests="1" failures="0" timestamp="2023-05-05T07:28:44 IST" time="15.978" errors="0">
  <testcase name="datept" time="15.978" classname="testngpackage.Datepicker"/>
  <system-out/>
</testsuite> <!-- testngpackage.Datepicker -->
