<?xml version="1.0" encoding="UTF-8"?>
<!-- Generated by org.testng.reporters.JUnitReportReporter -->
<testsuite skipped="0" hostname="DESKTOP-VJQVG9M" name="testngpackage.Fileuploadguru99" tests="1" failures="0" timestamp="2023-04-26T15:43:57 IST" time="5.259" errors="0">
  <testcase name="uploadt" time="5.259" classname="testngpackage.Fileuploadguru99"/>
  <system-out/>
</testsuite> <!-- testngpackage.Fileuploadguru99 -->
