<?xml version="1.0" encoding="UTF-8"?>
<!-- Generated by org.testng.reporters.JUnitReportReporter -->
<testsuite skipped="0" hostname="DESKTOP-VJQVG9M" name="test.Createpagetest" tests="1" failures="0" timestamp="2023-05-05T16:51:33 IST" time="6.946" errors="0">
  <testcase name="createpage" time="6.946" classname="test.Createpagetest"/>
  <system-out/>
</testsuite> <!-- test.Createpagetest -->
