<?xml version="1.0" encoding="UTF-8"?>
<!-- Generated by org.testng.reporters.JUnitReportReporter -->
<testsuite skipped="0" hostname="DESKTOP-VJQVG9M" name="testngpackage.Parameter_fcaebook" tests="1" failures="0" timestamp="2023-05-03T18:19:58 IST" time="2.859" errors="0">
  <testcase name="paramf" time="2.859" classname="testngpackage.Parameter_fcaebook"/>
  <system-out/>
</testsuite> <!-- testngpackage.Parameter_fcaebook -->
