<?xml version="1.0" encoding="UTF-8"?>
<!-- Generated by org.testng.reporters.JUnitReportReporter -->
<testsuite skipped="0" hostname="DESKTOP-VJQVG9M" name="testngpackage.Actionc" tests="1" failures="0" timestamp="2023-04-24T16:03:40 IST" time="2.190" errors="0">
  <testcase name="copypaste" time="2.190" classname="testngpackage.Actionc"/>
  <system-out/>
</testsuite> <!-- testngpackage.Actionc -->
