<?xml version="1.0" encoding="UTF-8"?>
<!-- Generated by org.testng.reporters.JUnitReportReporter -->
<testsuite skipped="0" hostname="DESKTOP-VJQVG9M" name="testngpackage.Draganddropactions" tests="1" failures="0" timestamp="2023-04-24T17:06:47 IST" time="7.779" errors="0">
  <testcase name="copypaste" time="7.779" classname="testngpackage.Draganddropactions"/>
  <system-out/>
</testsuite> <!-- testngpackage.Draganddropactions -->
