<?xml version="1.0" encoding="UTF-8"?>
<!-- Generated by org.testng.reporters.JUnitReportReporter -->
<testsuite skipped="0" hostname="DESKTOP-VJQVG9M" name="testngpackage.Multiplewindowhandling" tests="1" failures="0" timestamp="2023-05-08T20:36:23 IST" time="12.378" errors="0">
  <testcase name="test" time="12.378" classname="testngpackage.Multiplewindowhandling"/>
  <system-out/>
</testsuite> <!-- testngpackage.Multiplewindowhandling -->
