<?xml version="1.0" encoding="UTF-8"?>
<!-- Generated by org.testng.reporters.JUnitReportReporter -->
<testsuite skipped="0" hostname="DESKTOP-VJQVG9M" name="testngpackage.Parameterization" tests="1" failures="0" timestamp="2023-05-03T18:06:37 IST" time="0.018" errors="0">
  <testcase name="test1" time="0.018" classname="testngpackage.Parameterization"/>
  <system-out/>
</testsuite> <!-- testngpackage.Parameterization -->
