<?xml version="1.0" encoding="UTF-8"?>
<!-- Generated by org.testng.reporters.JUnitReportReporter -->
<testsuite skipped="0" hostname="DESKTOP-VJQVG9M" name="testngpackage.Scrolldown" tests="1" failures="0" timestamp="2023-05-09T20:48:14 IST" time="5.154" errors="0">
  <testcase name="test1" time="5.154" classname="testngpackage.Scrolldown"/>
  <system-out/>
</testsuite> <!-- testngpackage.Scrolldown -->
