<?xml version="1.0" encoding="UTF-8"?>
<!-- Generated by org.testng.reporters.JUnitReportReporter -->
<testsuite skipped="0" hostname="DESKTOP-VJQVG9M" name="testngpackage.Screenshot_rediff" tests="1" failures="0" timestamp="2023-04-26T18:37:48 IST" time="1.612" errors="0">
  <testcase name="screenshott" time="1.612" classname="testngpackage.Screenshot_rediff"/>
  <system-out/>
</testsuite> <!-- testngpackage.Screenshot_rediff -->
