<?xml version="1.0" encoding="UTF-8"?>
<!-- Generated by org.testng.reporters.JUnitReportReporter -->
<testsuite skipped="0" hostname="DESKTOP-VJQVG9M" name="testngpackage.Robot_fileupload" tests="1" failures="0" timestamp="2023-04-26T17:39:53 IST" time="9.303" errors="0">
  <testcase name="robottest" time="9.303" classname="testngpackage.Robot_fileupload"/>
  <system-out/>
</testsuite> <!-- testngpackage.Robot_fileupload -->
