<?xml version="1.0" encoding="UTF-8"?>
<!-- Generated by org.testng.reporters.JUnitReportReporter -->
<testsuite skipped="0" hostname="DESKTOP-VJQVG9M" name="testngpackage.Checkavailabilitybutton_rediff" tests="1" failures="0" timestamp="2023-04-25T19:15:02 IST" time="1.824" errors="0">
  <testcase name="rediffcheckbutton" time="1.824" classname="testngpackage.Checkavailabilitybutton_rediff"/>
  <system-out/>
</testsuite> <!-- testngpackage.Checkavailabilitybutton_rediff -->
